CRITICAL - 2022-01-12 00:13:07 --> Maximum execution time of 120 seconds exceeded
#0 [internal function]: CodeIgniter\Debug\Exceptions->shutdownHandler()
#1 {main}
CRITICAL - 2022-01-12 00:21:08 --> Invalid file: arsip/v_viewpdf.php
#0 C:\xampp\htdocs\e-arsip-ci4\system\View\View.php(198): CodeIgniter\Exceptions\FrameworkException::forInvalidFile('arsip/v_viewpdf...')
#1 C:\xampp\htdocs\e-arsip-ci4\system\Common.php(1089): CodeIgniter\View\View->render('arsip/v_viewpdf', Array, true)
#2 C:\xampp\htdocs\e-arsip-ci4\app\Views\layout\v_content.php(3): view('arsip/v_viewpdf')
#3 C:\xampp\htdocs\e-arsip-ci4\system\View\View.php(210): include('C:\\xampp\\htdocs...')
#4 C:\xampp\htdocs\e-arsip-ci4\system\View\View.php(213): CodeIgniter\View\View->CodeIgniter\View\{closure}()
#5 C:\xampp\htdocs\e-arsip-ci4\system\Common.php(1089): CodeIgniter\View\View->render('layout/v_conten...', Array, true)
#6 C:\xampp\htdocs\e-arsip-ci4\app\Views\layout\v_wrapper.php(5): view('layout/v_conten...')
#7 C:\xampp\htdocs\e-arsip-ci4\system\View\View.php(210): include('C:\\xampp\\htdocs...')
#8 C:\xampp\htdocs\e-arsip-ci4\system\View\View.php(213): CodeIgniter\View\View->CodeIgniter\View\{closure}()
#9 C:\xampp\htdocs\e-arsip-ci4\system\Common.php(1089): CodeIgniter\View\View->render('layout/v_wrappe...', Array, true)
#10 C:\xampp\htdocs\e-arsip-ci4\app\Controllers\Arsip.php(223): view('layout/v_wrappe...', Array)
#11 C:\xampp\htdocs\e-arsip-ci4\system\CodeIgniter.php(825): App\Controllers\Arsip->viewpdf('5')
#12 C:\xampp\htdocs\e-arsip-ci4\system\CodeIgniter.php(412): CodeIgniter\CodeIgniter->runController(Object(App\Controllers\Arsip))
#13 C:\xampp\htdocs\e-arsip-ci4\system\CodeIgniter.php(320): CodeIgniter\CodeIgniter->handleRequest(NULL, Object(Config\Cache), false)
#14 C:\xampp\htdocs\e-arsip-ci4\public\index.php(37): CodeIgniter\CodeIgniter->run()
#15 {main}
CRITICAL - 2022-01-12 00:57:31 --> Trying to access array offset on value of type null
#0 C:\xampp\htdocs\e-arsip-ci4\app\Views\arsip\v_viewpdf.php(7): CodeIgniter\Debug\Exceptions->errorHandler(8, 'Trying to acces...', 'C:\\xampp\\htdocs...', 7, Array)
#1 C:\xampp\htdocs\e-arsip-ci4\system\View\View.php(210): include('C:\\xampp\\htdocs...')
#2 C:\xampp\htdocs\e-arsip-ci4\system\View\View.php(213): CodeIgniter\View\View->CodeIgniter\View\{closure}()
#3 C:\xampp\htdocs\e-arsip-ci4\system\Common.php(1089): CodeIgniter\View\View->render('arsip/v_viewpdf', Array, true)
#4 C:\xampp\htdocs\e-arsip-ci4\app\Views\layout\v_content.php(3): view('arsip/v_viewpdf')
#5 C:\xampp\htdocs\e-arsip-ci4\system\View\View.php(210): include('C:\\xampp\\htdocs...')
#6 C:\xampp\htdocs\e-arsip-ci4\system\View\View.php(213): CodeIgniter\View\View->CodeIgniter\View\{closure}()
#7 C:\xampp\htdocs\e-arsip-ci4\system\Common.php(1089): CodeIgniter\View\View->render('layout/v_conten...', Array, true)
#8 C:\xampp\htdocs\e-arsip-ci4\app\Views\layout\v_wrapper.php(5): view('layout/v_conten...')
#9 C:\xampp\htdocs\e-arsip-ci4\system\View\View.php(210): include('C:\\xampp\\htdocs...')
#10 C:\xampp\htdocs\e-arsip-ci4\system\View\View.php(213): CodeIgniter\View\View->CodeIgniter\View\{closure}()
#11 C:\xampp\htdocs\e-arsip-ci4\system\Common.php(1089): CodeIgniter\View\View->render('layout/v_wrappe...', Array, true)
#12 C:\xampp\htdocs\e-arsip-ci4\app\Controllers\Arsip.php(223): view('layout/v_wrappe...', Array)
#13 C:\xampp\htdocs\e-arsip-ci4\system\CodeIgniter.php(825): App\Controllers\Arsip->viewpdf('demo_iframe.htm')
#14 C:\xampp\htdocs\e-arsip-ci4\system\CodeIgniter.php(412): CodeIgniter\CodeIgniter->runController(Object(App\Controllers\Arsip))
#15 C:\xampp\htdocs\e-arsip-ci4\system\CodeIgniter.php(320): CodeIgniter\CodeIgniter->handleRequest(NULL, Object(Config\Cache), false)
#16 C:\xampp\htdocs\e-arsip-ci4\public\index.php(37): CodeIgniter\CodeIgniter->run()
#17 {main}
CRITICAL - 2022-01-12 00:58:15 --> Trying to access array offset on value of type null
#0 C:\xampp\htdocs\e-arsip-ci4\app\Views\arsip\v_viewpdf.php(7): CodeIgniter\Debug\Exceptions->errorHandler(8, 'Trying to acces...', 'C:\\xampp\\htdocs...', 7, Array)
#1 C:\xampp\htdocs\e-arsip-ci4\system\View\View.php(210): include('C:\\xampp\\htdocs...')
#2 C:\xampp\htdocs\e-arsip-ci4\system\View\View.php(213): CodeIgniter\View\View->CodeIgniter\View\{closure}()
#3 C:\xampp\htdocs\e-arsip-ci4\system\Common.php(1089): CodeIgniter\View\View->render('arsip/v_viewpdf', Array, true)
#4 C:\xampp\htdocs\e-arsip-ci4\app\Views\layout\v_content.php(3): view('arsip/v_viewpdf')
#5 C:\xampp\htdocs\e-arsip-ci4\system\View\View.php(210): include('C:\\xampp\\htdocs...')
#6 C:\xampp\htdocs\e-arsip-ci4\system\View\View.php(213): CodeIgniter\View\View->CodeIgniter\View\{closure}()
#7 C:\xampp\htdocs\e-arsip-ci4\system\Common.php(1089): CodeIgniter\View\View->render('layout/v_conten...', Array, true)
#8 C:\xampp\htdocs\e-arsip-ci4\app\Views\layout\v_wrapper.php(5): view('layout/v_conten...')
#9 C:\xampp\htdocs\e-arsip-ci4\system\View\View.php(210): include('C:\\xampp\\htdocs...')
#10 C:\xampp\htdocs\e-arsip-ci4\system\View\View.php(213): CodeIgniter\View\View->CodeIgniter\View\{closure}()
#11 C:\xampp\htdocs\e-arsip-ci4\system\Common.php(1089): CodeIgniter\View\View->render('layout/v_wrappe...', Array, true)
#12 C:\xampp\htdocs\e-arsip-ci4\app\Controllers\Arsip.php(223): view('layout/v_wrappe...', Array)
#13 C:\xampp\htdocs\e-arsip-ci4\system\CodeIgniter.php(825): App\Controllers\Arsip->viewpdf('demo_iframe.htm')
#14 C:\xampp\htdocs\e-arsip-ci4\system\CodeIgniter.php(412): CodeIgniter\CodeIgniter->runController(Object(App\Controllers\Arsip))
#15 C:\xampp\htdocs\e-arsip-ci4\system\CodeIgniter.php(320): CodeIgniter\CodeIgniter->handleRequest(NULL, Object(Config\Cache), false)
#16 C:\xampp\htdocs\e-arsip-ci4\public\index.php(37): CodeIgniter\CodeIgniter->run()
#17 {main}
CRITICAL - 2022-01-12 01:14:17 --> unlink(file_arsip/1641963052_cf93463aae772caba69f.pdf): No such file or directory
#0 [internal function]: CodeIgniter\Debug\Exceptions->errorHandler(2, 'unlink(file_ars...', 'C:\\xampp\\htdocs...', 169, Array)
#1 C:\xampp\htdocs\e-arsip-ci4\app\Controllers\Arsip.php(169): unlink('file_arsip/1641...')
#2 C:\xampp\htdocs\e-arsip-ci4\system\CodeIgniter.php(825): App\Controllers\Arsip->update('5')
#3 C:\xampp\htdocs\e-arsip-ci4\system\CodeIgniter.php(412): CodeIgniter\CodeIgniter->runController(Object(App\Controllers\Arsip))
#4 C:\xampp\htdocs\e-arsip-ci4\system\CodeIgniter.php(320): CodeIgniter\CodeIgniter->handleRequest(NULL, Object(Config\Cache), false)
#5 C:\xampp\htdocs\e-arsip-ci4\public\index.php(37): CodeIgniter\CodeIgniter->run()
#6 {main}
CRITICAL - 2022-01-12 01:14:48 --> unlink(file_arsip/1641963052_cf93463aae772caba69f.pdf): No such file or directory
#0 [internal function]: CodeIgniter\Debug\Exceptions->errorHandler(2, 'unlink(file_ars...', 'C:\\xampp\\htdocs...', 169, Array)
#1 C:\xampp\htdocs\e-arsip-ci4\app\Controllers\Arsip.php(169): unlink('file_arsip/1641...')
#2 C:\xampp\htdocs\e-arsip-ci4\system\CodeIgniter.php(825): App\Controllers\Arsip->update('5')
#3 C:\xampp\htdocs\e-arsip-ci4\system\CodeIgniter.php(412): CodeIgniter\CodeIgniter->runController(Object(App\Controllers\Arsip))
#4 C:\xampp\htdocs\e-arsip-ci4\system\CodeIgniter.php(320): CodeIgniter\CodeIgniter->handleRequest(NULL, Object(Config\Cache), false)
#5 C:\xampp\htdocs\e-arsip-ci4\public\index.php(37): CodeIgniter\CodeIgniter->run()
#6 {main}
CRITICAL - 2022-01-12 01:15:17 --> unlink(file_arsip/1641963052_cf93463aae772caba69f.pdf): No such file or directory
#0 [internal function]: CodeIgniter\Debug\Exceptions->errorHandler(2, 'unlink(file_ars...', 'C:\\xampp\\htdocs...', 205, Array)
#1 C:\xampp\htdocs\e-arsip-ci4\app\Controllers\Arsip.php(205): unlink('file_arsip/1641...')
#2 C:\xampp\htdocs\e-arsip-ci4\system\CodeIgniter.php(825): App\Controllers\Arsip->delete('5')
#3 C:\xampp\htdocs\e-arsip-ci4\system\CodeIgniter.php(412): CodeIgniter\CodeIgniter->runController(Object(App\Controllers\Arsip))
#4 C:\xampp\htdocs\e-arsip-ci4\system\CodeIgniter.php(320): CodeIgniter\CodeIgniter->handleRequest(NULL, Object(Config\Cache), false)
#5 C:\xampp\htdocs\e-arsip-ci4\public\index.php(37): CodeIgniter\CodeIgniter->run()
#6 {main}
