CRITICAL - 2022-01-06 00:42:15 --> Invalid file: v_kategori.php
#0 C:\xampp\htdocs\e-arsip-ci4\system\View\View.php(198): CodeIgniter\Exceptions\FrameworkException::forInvalidFile('v_kategori.php')
#1 C:\xampp\htdocs\e-arsip-ci4\system\Common.php(1089): CodeIgniter\View\View->render('v_kategori', Array, true)
#2 C:\xampp\htdocs\e-arsip-ci4\app\Views\layout\v_content.php(3): view('v_kategori')
#3 C:\xampp\htdocs\e-arsip-ci4\system\View\View.php(210): include('C:\\xampp\\htdocs...')
#4 C:\xampp\htdocs\e-arsip-ci4\system\View\View.php(213): CodeIgniter\View\View->CodeIgniter\View\{closure}()
#5 C:\xampp\htdocs\e-arsip-ci4\system\Common.php(1089): CodeIgniter\View\View->render('layout/v_conten...', Array, true)
#6 C:\xampp\htdocs\e-arsip-ci4\app\Views\layout\v_wrapper.php(5): view('layout/v_conten...')
#7 C:\xampp\htdocs\e-arsip-ci4\system\View\View.php(210): include('C:\\xampp\\htdocs...')
#8 C:\xampp\htdocs\e-arsip-ci4\system\View\View.php(213): CodeIgniter\View\View->CodeIgniter\View\{closure}()
#9 C:\xampp\htdocs\e-arsip-ci4\system\Common.php(1089): CodeIgniter\View\View->render('layout/v_wrappe...', Array, true)
#10 C:\xampp\htdocs\e-arsip-ci4\app\Controllers\Kategori.php(13): view('layout/v_wrappe...', Array)
#11 C:\xampp\htdocs\e-arsip-ci4\system\CodeIgniter.php(825): App\Controllers\Kategori->index()
#12 C:\xampp\htdocs\e-arsip-ci4\system\CodeIgniter.php(412): CodeIgniter\CodeIgniter->runController(Object(App\Controllers\Kategori))
#13 C:\xampp\htdocs\e-arsip-ci4\system\CodeIgniter.php(320): CodeIgniter\CodeIgniter->handleRequest(NULL, Object(Config\Cache), false)
#14 C:\xampp\htdocs\e-arsip-ci4\public\index.php(37): CodeIgniter\CodeIgniter->run()
#15 {main}
CRITICAL - 2022-01-06 01:40:39 --> Undefined variable: variable
#0 C:\xampp\htdocs\e-arsip-ci4\app\Views\v_kategori.php(23): CodeIgniter\Debug\Exceptions->errorHandler(8, 'Undefined varia...', 'C:\\xampp\\htdocs...', 23, Array)
#1 C:\xampp\htdocs\e-arsip-ci4\system\View\View.php(210): include('C:\\xampp\\htdocs...')
#2 C:\xampp\htdocs\e-arsip-ci4\system\View\View.php(213): CodeIgniter\View\View->CodeIgniter\View\{closure}()
#3 C:\xampp\htdocs\e-arsip-ci4\system\Common.php(1089): CodeIgniter\View\View->render('v_kategori', Array, true)
#4 C:\xampp\htdocs\e-arsip-ci4\app\Views\layout\v_content.php(3): view('v_kategori')
#5 C:\xampp\htdocs\e-arsip-ci4\system\View\View.php(210): include('C:\\xampp\\htdocs...')
#6 C:\xampp\htdocs\e-arsip-ci4\system\View\View.php(213): CodeIgniter\View\View->CodeIgniter\View\{closure}()
#7 C:\xampp\htdocs\e-arsip-ci4\system\Common.php(1089): CodeIgniter\View\View->render('layout/v_conten...', Array, true)
#8 C:\xampp\htdocs\e-arsip-ci4\app\Views\layout\v_wrapper.php(5): view('layout/v_conten...')
#9 C:\xampp\htdocs\e-arsip-ci4\system\View\View.php(210): include('C:\\xampp\\htdocs...')
#10 C:\xampp\htdocs\e-arsip-ci4\system\View\View.php(213): CodeIgniter\View\View->CodeIgniter\View\{closure}()
#11 C:\xampp\htdocs\e-arsip-ci4\system\Common.php(1089): CodeIgniter\View\View->render('layout/v_wrappe...', Array, true)
#12 C:\xampp\htdocs\e-arsip-ci4\app\Controllers\Kategori.php(21): view('layout/v_wrappe...', Array)
#13 C:\xampp\htdocs\e-arsip-ci4\system\CodeIgniter.php(825): App\Controllers\Kategori->index()
#14 C:\xampp\htdocs\e-arsip-ci4\system\CodeIgniter.php(412): CodeIgniter\CodeIgniter->runController(Object(App\Controllers\Kategori))
#15 C:\xampp\htdocs\e-arsip-ci4\system\CodeIgniter.php(320): CodeIgniter\CodeIgniter->handleRequest(NULL, Object(Config\Cache), false)
#16 C:\xampp\htdocs\e-arsip-ci4\public\index.php(37): CodeIgniter\CodeIgniter->run()
#17 {main}
CRITICAL - 2022-01-06 02:27:05 --> Call to undefined function form_open()
#0 C:\xampp\htdocs\e-arsip-ci4\system\View\View.php(210): include()
#1 C:\xampp\htdocs\e-arsip-ci4\system\View\View.php(213): CodeIgniter\View\View->CodeIgniter\View\{closure}()
#2 C:\xampp\htdocs\e-arsip-ci4\system\Common.php(1089): CodeIgniter\View\View->render('v_kategori', Array, true)
#3 C:\xampp\htdocs\e-arsip-ci4\app\Views\layout\v_content.php(3): view('v_kategori')
#4 C:\xampp\htdocs\e-arsip-ci4\system\View\View.php(210): include('C:\\xampp\\htdocs...')
#5 C:\xampp\htdocs\e-arsip-ci4\system\View\View.php(213): CodeIgniter\View\View->CodeIgniter\View\{closure}()
#6 C:\xampp\htdocs\e-arsip-ci4\system\Common.php(1089): CodeIgniter\View\View->render('layout/v_conten...', Array, true)
#7 C:\xampp\htdocs\e-arsip-ci4\app\Views\layout\v_wrapper.php(5): view('layout/v_conten...')
#8 C:\xampp\htdocs\e-arsip-ci4\system\View\View.php(210): include('C:\\xampp\\htdocs...')
#9 C:\xampp\htdocs\e-arsip-ci4\system\View\View.php(213): CodeIgniter\View\View->CodeIgniter\View\{closure}()
#10 C:\xampp\htdocs\e-arsip-ci4\system\Common.php(1089): CodeIgniter\View\View->render('layout/v_wrappe...', Array, true)
#11 C:\xampp\htdocs\e-arsip-ci4\app\Controllers\Kategori.php(21): view('layout/v_wrappe...', Array)
#12 C:\xampp\htdocs\e-arsip-ci4\system\CodeIgniter.php(825): App\Controllers\Kategori->index()
#13 C:\xampp\htdocs\e-arsip-ci4\system\CodeIgniter.php(412): CodeIgniter\CodeIgniter->runController(Object(App\Controllers\Kategori))
#14 C:\xampp\htdocs\e-arsip-ci4\system\CodeIgniter.php(320): CodeIgniter\CodeIgniter->handleRequest(NULL, Object(Config\Cache), false)
#15 C:\xampp\htdocs\e-arsip-ci4\public\index.php(37): CodeIgniter\CodeIgniter->run()
#16 {main}
