ERROR - 2022-01-11 01:36:35 --> You have an error in your SQL syntax; check the manual that corresponds to your MariaDB server version for the right syntax to use near ' $id_user' at line 4
CRITICAL - 2022-01-11 01:36:35 --> You have an error in your SQL syntax; check the manual that corresponds to your MariaDB server version for the right syntax to use near ' $id_user' at line 4
#0 C:\xampp\htdocs\e-arsip-ci4\system\Database\MySQLi\Connection.php(292): mysqli->query('SELECT *\nFROM `...', 0)
#1 C:\xampp\htdocs\e-arsip-ci4\system\Database\BaseConnection.php(670): CodeIgniter\Database\MySQLi\Connection->execute('SELECT *\nFROM `...')
#2 C:\xampp\htdocs\e-arsip-ci4\system\Database\BaseConnection.php(598): CodeIgniter\Database\BaseConnection->simpleQuery('SELECT *\nFROM `...')
#3 C:\xampp\htdocs\e-arsip-ci4\system\Database\BaseBuilder.php(1455): CodeIgniter\Database\BaseConnection->query('SELECT *\nFROM `...', Array, false)
#4 C:\xampp\htdocs\e-arsip-ci4\app\Models\Model_user.php(23): CodeIgniter\Database\BaseBuilder->get()
#5 C:\xampp\htdocs\e-arsip-ci4\app\Controllers\User.php(116): App\Models\Model_user->detail_data('6')
#6 C:\xampp\htdocs\e-arsip-ci4\system\CodeIgniter.php(825): App\Controllers\User->edit('6')
#7 C:\xampp\htdocs\e-arsip-ci4\system\CodeIgniter.php(412): CodeIgniter\CodeIgniter->runController(Object(App\Controllers\User))
#8 C:\xampp\htdocs\e-arsip-ci4\system\CodeIgniter.php(320): CodeIgniter\CodeIgniter->handleRequest(NULL, Object(Config\Cache), false)
#9 C:\xampp\htdocs\e-arsip-ci4\public\index.php(37): CodeIgniter\CodeIgniter->run()
#10 {main}
ERROR - 2022-01-11 01:37:47 --> You have an error in your SQL syntax; check the manual that corresponds to your MariaDB server version for the right syntax to use near ' $id_user' at line 4
CRITICAL - 2022-01-11 01:37:47 --> You have an error in your SQL syntax; check the manual that corresponds to your MariaDB server version for the right syntax to use near ' $id_user' at line 4
#0 C:\xampp\htdocs\e-arsip-ci4\system\Database\MySQLi\Connection.php(292): mysqli->query('SELECT *\nFROM `...', 0)
#1 C:\xampp\htdocs\e-arsip-ci4\system\Database\BaseConnection.php(670): CodeIgniter\Database\MySQLi\Connection->execute('SELECT *\nFROM `...')
#2 C:\xampp\htdocs\e-arsip-ci4\system\Database\BaseConnection.php(598): CodeIgniter\Database\BaseConnection->simpleQuery('SELECT *\nFROM `...')
#3 C:\xampp\htdocs\e-arsip-ci4\system\Database\BaseBuilder.php(1455): CodeIgniter\Database\BaseConnection->query('SELECT *\nFROM `...', Array, false)
#4 C:\xampp\htdocs\e-arsip-ci4\app\Models\Model_user.php(23): CodeIgniter\Database\BaseBuilder->get()
#5 C:\xampp\htdocs\e-arsip-ci4\app\Controllers\User.php(116): App\Models\Model_user->detail_data('6')
#6 C:\xampp\htdocs\e-arsip-ci4\system\CodeIgniter.php(825): App\Controllers\User->edit('6')
#7 C:\xampp\htdocs\e-arsip-ci4\system\CodeIgniter.php(412): CodeIgniter\CodeIgniter->runController(Object(App\Controllers\User))
#8 C:\xampp\htdocs\e-arsip-ci4\system\CodeIgniter.php(320): CodeIgniter\CodeIgniter->handleRequest(NULL, Object(Config\Cache), false)
#9 C:\xampp\htdocs\e-arsip-ci4\public\index.php(37): CodeIgniter\CodeIgniter->run()
#10 {main}
ERROR - 2022-01-11 01:37:49 --> You have an error in your SQL syntax; check the manual that corresponds to your MariaDB server version for the right syntax to use near ' $id_user' at line 4
CRITICAL - 2022-01-11 01:37:49 --> You have an error in your SQL syntax; check the manual that corresponds to your MariaDB server version for the right syntax to use near ' $id_user' at line 4
#0 C:\xampp\htdocs\e-arsip-ci4\system\Database\MySQLi\Connection.php(292): mysqli->query('SELECT *\nFROM `...', 0)
#1 C:\xampp\htdocs\e-arsip-ci4\system\Database\BaseConnection.php(670): CodeIgniter\Database\MySQLi\Connection->execute('SELECT *\nFROM `...')
#2 C:\xampp\htdocs\e-arsip-ci4\system\Database\BaseConnection.php(598): CodeIgniter\Database\BaseConnection->simpleQuery('SELECT *\nFROM `...')
#3 C:\xampp\htdocs\e-arsip-ci4\system\Database\BaseBuilder.php(1455): CodeIgniter\Database\BaseConnection->query('SELECT *\nFROM `...', Array, false)
#4 C:\xampp\htdocs\e-arsip-ci4\app\Models\Model_user.php(23): CodeIgniter\Database\BaseBuilder->get()
#5 C:\xampp\htdocs\e-arsip-ci4\app\Controllers\User.php(116): App\Models\Model_user->detail_data('6')
#6 C:\xampp\htdocs\e-arsip-ci4\system\CodeIgniter.php(825): App\Controllers\User->edit('6')
#7 C:\xampp\htdocs\e-arsip-ci4\system\CodeIgniter.php(412): CodeIgniter\CodeIgniter->runController(Object(App\Controllers\User))
#8 C:\xampp\htdocs\e-arsip-ci4\system\CodeIgniter.php(320): CodeIgniter\CodeIgniter->handleRequest(NULL, Object(Config\Cache), false)
#9 C:\xampp\htdocs\e-arsip-ci4\public\index.php(37): CodeIgniter\CodeIgniter->run()
#10 {main}
ERROR - 2022-01-11 01:38:36 --> You have an error in your SQL syntax; check the manual that corresponds to your MariaDB server version for the right syntax to use near ' $id_user' at line 4
CRITICAL - 2022-01-11 01:38:36 --> You have an error in your SQL syntax; check the manual that corresponds to your MariaDB server version for the right syntax to use near ' $id_user' at line 4
#0 C:\xampp\htdocs\e-arsip-ci4\system\Database\MySQLi\Connection.php(292): mysqli->query('SELECT *\nFROM `...', 0)
#1 C:\xampp\htdocs\e-arsip-ci4\system\Database\BaseConnection.php(670): CodeIgniter\Database\MySQLi\Connection->execute('SELECT *\nFROM `...')
#2 C:\xampp\htdocs\e-arsip-ci4\system\Database\BaseConnection.php(598): CodeIgniter\Database\BaseConnection->simpleQuery('SELECT *\nFROM `...')
#3 C:\xampp\htdocs\e-arsip-ci4\system\Database\BaseBuilder.php(1455): CodeIgniter\Database\BaseConnection->query('SELECT *\nFROM `...', Array, false)
#4 C:\xampp\htdocs\e-arsip-ci4\app\Models\Model_user.php(23): CodeIgniter\Database\BaseBuilder->get()
#5 C:\xampp\htdocs\e-arsip-ci4\app\Controllers\User.php(116): App\Models\Model_user->detail_data('6')
#6 C:\xampp\htdocs\e-arsip-ci4\system\CodeIgniter.php(825): App\Controllers\User->edit('6')
#7 C:\xampp\htdocs\e-arsip-ci4\system\CodeIgniter.php(412): CodeIgniter\CodeIgniter->runController(Object(App\Controllers\User))
#8 C:\xampp\htdocs\e-arsip-ci4\system\CodeIgniter.php(320): CodeIgniter\CodeIgniter->handleRequest(NULL, Object(Config\Cache), false)
#9 C:\xampp\htdocs\e-arsip-ci4\public\index.php(37): CodeIgniter\CodeIgniter->run()
#10 {main}
CRITICAL - 2022-01-11 09:57:46 --> Undefined variable: user
#0 C:\xampp\htdocs\e-arsip-ci4\app\Views\arsip\v_index.php(40): CodeIgniter\Debug\Exceptions->errorHandler(8, 'Undefined varia...', 'C:\\xampp\\htdocs...', 40, Array)
#1 C:\xampp\htdocs\e-arsip-ci4\system\View\View.php(210): include('C:\\xampp\\htdocs...')
#2 C:\xampp\htdocs\e-arsip-ci4\system\View\View.php(213): CodeIgniter\View\View->CodeIgniter\View\{closure}()
#3 C:\xampp\htdocs\e-arsip-ci4\system\Common.php(1089): CodeIgniter\View\View->render('arsip/v_index', Array, true)
#4 C:\xampp\htdocs\e-arsip-ci4\app\Views\layout\v_content.php(3): view('arsip/v_index')
#5 C:\xampp\htdocs\e-arsip-ci4\system\View\View.php(210): include('C:\\xampp\\htdocs...')
#6 C:\xampp\htdocs\e-arsip-ci4\system\View\View.php(213): CodeIgniter\View\View->CodeIgniter\View\{closure}()
#7 C:\xampp\htdocs\e-arsip-ci4\system\Common.php(1089): CodeIgniter\View\View->render('layout/v_conten...', Array, true)
#8 C:\xampp\htdocs\e-arsip-ci4\app\Views\layout\v_wrapper.php(5): view('layout/v_conten...')
#9 C:\xampp\htdocs\e-arsip-ci4\system\View\View.php(210): include('C:\\xampp\\htdocs...')
#10 C:\xampp\htdocs\e-arsip-ci4\system\View\View.php(213): CodeIgniter\View\View->CodeIgniter\View\{closure}()
#11 C:\xampp\htdocs\e-arsip-ci4\system\Common.php(1089): CodeIgniter\View\View->render('layout/v_wrappe...', Array, true)
#12 C:\xampp\htdocs\e-arsip-ci4\app\Controllers\Arsip.php(13): view('layout/v_wrappe...', Array)
#13 C:\xampp\htdocs\e-arsip-ci4\system\CodeIgniter.php(825): App\Controllers\Arsip->index()
#14 C:\xampp\htdocs\e-arsip-ci4\system\CodeIgniter.php(412): CodeIgniter\CodeIgniter->runController(Object(App\Controllers\Arsip))
#15 C:\xampp\htdocs\e-arsip-ci4\system\CodeIgniter.php(320): CodeIgniter\CodeIgniter->handleRequest(NULL, Object(Config\Cache), false)
#16 C:\xampp\htdocs\e-arsip-ci4\public\index.php(37): CodeIgniter\CodeIgniter->run()
#17 {main}
CRITICAL - 2022-01-11 10:00:55 --> Class 'App\Model_arsip' not found
#0 C:\xampp\htdocs\e-arsip-ci4\system\CodeIgniter.php(802): App\Controllers\Arsip->__construct()
#1 C:\xampp\htdocs\e-arsip-ci4\system\CodeIgniter.php(403): CodeIgniter\CodeIgniter->createController()
#2 C:\xampp\htdocs\e-arsip-ci4\system\CodeIgniter.php(320): CodeIgniter\CodeIgniter->handleRequest(NULL, Object(Config\Cache), false)
#3 C:\xampp\htdocs\e-arsip-ci4\public\index.php(37): CodeIgniter\CodeIgniter->run()
#4 {main}
CRITICAL - 2022-01-11 10:01:57 --> Undefined variable: user
#0 C:\xampp\htdocs\e-arsip-ci4\app\Views\arsip\v_index.php(40): CodeIgniter\Debug\Exceptions->errorHandler(8, 'Undefined varia...', 'C:\\xampp\\htdocs...', 40, Array)
#1 C:\xampp\htdocs\e-arsip-ci4\system\View\View.php(210): include('C:\\xampp\\htdocs...')
#2 C:\xampp\htdocs\e-arsip-ci4\system\View\View.php(213): CodeIgniter\View\View->CodeIgniter\View\{closure}()
#3 C:\xampp\htdocs\e-arsip-ci4\system\Common.php(1089): CodeIgniter\View\View->render('arsip/v_index', Array, true)
#4 C:\xampp\htdocs\e-arsip-ci4\app\Views\layout\v_content.php(3): view('arsip/v_index')
#5 C:\xampp\htdocs\e-arsip-ci4\system\View\View.php(210): include('C:\\xampp\\htdocs...')
#6 C:\xampp\htdocs\e-arsip-ci4\system\View\View.php(213): CodeIgniter\View\View->CodeIgniter\View\{closure}()
#7 C:\xampp\htdocs\e-arsip-ci4\system\Common.php(1089): CodeIgniter\View\View->render('layout/v_conten...', Array, true)
#8 C:\xampp\htdocs\e-arsip-ci4\app\Views\layout\v_wrapper.php(5): view('layout/v_conten...')
#9 C:\xampp\htdocs\e-arsip-ci4\system\View\View.php(210): include('C:\\xampp\\htdocs...')
#10 C:\xampp\htdocs\e-arsip-ci4\system\View\View.php(213): CodeIgniter\View\View->CodeIgniter\View\{closure}()
#11 C:\xampp\htdocs\e-arsip-ci4\system\Common.php(1089): CodeIgniter\View\View->render('layout/v_wrappe...', Array, true)
#12 C:\xampp\htdocs\e-arsip-ci4\app\Controllers\Arsip.php(21): view('layout/v_wrappe...', Array)
#13 C:\xampp\htdocs\e-arsip-ci4\system\CodeIgniter.php(825): App\Controllers\Arsip->index()
#14 C:\xampp\htdocs\e-arsip-ci4\system\CodeIgniter.php(412): CodeIgniter\CodeIgniter->runController(Object(App\Controllers\Arsip))
#15 C:\xampp\htdocs\e-arsip-ci4\system\CodeIgniter.php(320): CodeIgniter\CodeIgniter->handleRequest(NULL, Object(Config\Cache), false)
#16 C:\xampp\htdocs\e-arsip-ci4\public\index.php(37): CodeIgniter\CodeIgniter->run()
#17 {main}
CRITICAL - 2022-01-11 10:48:28 --> Undefined variable: dep
#0 C:\xampp\htdocs\e-arsip-ci4\app\Views\arsip\v_add.php(56): CodeIgniter\Debug\Exceptions->errorHandler(8, 'Undefined varia...', 'C:\\xampp\\htdocs...', 56, Array)
#1 C:\xampp\htdocs\e-arsip-ci4\system\View\View.php(210): include('C:\\xampp\\htdocs...')
#2 C:\xampp\htdocs\e-arsip-ci4\system\View\View.php(213): CodeIgniter\View\View->CodeIgniter\View\{closure}()
#3 C:\xampp\htdocs\e-arsip-ci4\system\Common.php(1089): CodeIgniter\View\View->render('arsip/v_add', Array, true)
#4 C:\xampp\htdocs\e-arsip-ci4\app\Views\layout\v_content.php(3): view('arsip/v_add')
#5 C:\xampp\htdocs\e-arsip-ci4\system\View\View.php(210): include('C:\\xampp\\htdocs...')
#6 C:\xampp\htdocs\e-arsip-ci4\system\View\View.php(213): CodeIgniter\View\View->CodeIgniter\View\{closure}()
#7 C:\xampp\htdocs\e-arsip-ci4\system\Common.php(1089): CodeIgniter\View\View->render('layout/v_conten...', Array, true)
#8 C:\xampp\htdocs\e-arsip-ci4\app\Views\layout\v_wrapper.php(5): view('layout/v_conten...')
#9 C:\xampp\htdocs\e-arsip-ci4\system\View\View.php(210): include('C:\\xampp\\htdocs...')
#10 C:\xampp\htdocs\e-arsip-ci4\system\View\View.php(213): CodeIgniter\View\View->CodeIgniter\View\{closure}()
#11 C:\xampp\htdocs\e-arsip-ci4\system\Common.php(1089): CodeIgniter\View\View->render('layout/v_wrappe...', Array, true)
#12 C:\xampp\htdocs\e-arsip-ci4\app\Controllers\Arsip.php(31): view('layout/v_wrappe...', Array)
#13 C:\xampp\htdocs\e-arsip-ci4\system\CodeIgniter.php(825): App\Controllers\Arsip->add()
#14 C:\xampp\htdocs\e-arsip-ci4\system\CodeIgniter.php(412): CodeIgniter\CodeIgniter->runController(Object(App\Controllers\Arsip))
#15 C:\xampp\htdocs\e-arsip-ci4\system\CodeIgniter.php(320): CodeIgniter\CodeIgniter->handleRequest(NULL, Object(Config\Cache), false)
#16 C:\xampp\htdocs\e-arsip-ci4\public\index.php(37): CodeIgniter\CodeIgniter->run()
#17 {main}
ERROR - 2022-01-11 20:45:11 --> Error connecting to the database: No connection could be made because the target machine actively refused it.

CRITICAL - 2022-01-11 20:45:11 --> Unable to connect to the database.
Main connection [MySQLi]: No connection could be made because the target machine actively refused it.

#0 C:\xampp\htdocs\e-arsip-ci4\system\Database\BaseConnection.php(577): CodeIgniter\Database\BaseConnection->initialize()
#1 C:\xampp\htdocs\e-arsip-ci4\system\Database\BaseBuilder.php(1455): CodeIgniter\Database\BaseConnection->query('SELECT *\nFROM `...', Array, false)
#2 C:\xampp\htdocs\e-arsip-ci4\app\Models\Model_auth.php(14): CodeIgniter\Database\BaseBuilder->get()
#3 C:\xampp\htdocs\e-arsip-ci4\app\Controllers\Auth.php(44): App\Models\Model_auth->login('amandafadillah2...', '1234')
#4 C:\xampp\htdocs\e-arsip-ci4\system\CodeIgniter.php(825): App\Controllers\Auth->login()
#5 C:\xampp\htdocs\e-arsip-ci4\system\CodeIgniter.php(412): CodeIgniter\CodeIgniter->runController(Object(App\Controllers\Auth))
#6 C:\xampp\htdocs\e-arsip-ci4\system\CodeIgniter.php(320): CodeIgniter\CodeIgniter->handleRequest(NULL, Object(Config\Cache), false)
#7 C:\xampp\htdocs\e-arsip-ci4\public\index.php(37): CodeIgniter\CodeIgniter->run()
#8 {main}
CRITICAL - 2022-01-11 23:10:29 --> Undefined variable: user
#0 C:\xampp\htdocs\e-arsip-ci4\app\Views\arsip\v_edit.php(26): CodeIgniter\Debug\Exceptions->errorHandler(8, 'Undefined varia...', 'C:\\xampp\\htdocs...', 26, Array)
#1 C:\xampp\htdocs\e-arsip-ci4\system\View\View.php(210): include('C:\\xampp\\htdocs...')
#2 C:\xampp\htdocs\e-arsip-ci4\system\View\View.php(213): CodeIgniter\View\View->CodeIgniter\View\{closure}()
#3 C:\xampp\htdocs\e-arsip-ci4\system\Common.php(1089): CodeIgniter\View\View->render('arsip/v_edit', Array, true)
#4 C:\xampp\htdocs\e-arsip-ci4\app\Views\layout\v_content.php(3): view('arsip/v_edit')
#5 C:\xampp\htdocs\e-arsip-ci4\system\View\View.php(210): include('C:\\xampp\\htdocs...')
#6 C:\xampp\htdocs\e-arsip-ci4\system\View\View.php(213): CodeIgniter\View\View->CodeIgniter\View\{closure}()
#7 C:\xampp\htdocs\e-arsip-ci4\system\Common.php(1089): CodeIgniter\View\View->render('layout/v_conten...', Array, true)
#8 C:\xampp\htdocs\e-arsip-ci4\app\Views\layout\v_wrapper.php(5): view('layout/v_conten...')
#9 C:\xampp\htdocs\e-arsip-ci4\system\View\View.php(210): include('C:\\xampp\\htdocs...')
#10 C:\xampp\htdocs\e-arsip-ci4\system\View\View.php(213): CodeIgniter\View\View->CodeIgniter\View\{closure}()
#11 C:\xampp\htdocs\e-arsip-ci4\system\Common.php(1089): CodeIgniter\View\View->render('layout/v_wrappe...', Array, true)
#12 C:\xampp\htdocs\e-arsip-ci4\app\Controllers\Arsip.php(112): view('layout/v_wrappe...', Array)
#13 C:\xampp\htdocs\e-arsip-ci4\system\CodeIgniter.php(825): App\Controllers\Arsip->edit('6')
#14 C:\xampp\htdocs\e-arsip-ci4\system\CodeIgniter.php(412): CodeIgniter\CodeIgniter->runController(Object(App\Controllers\Arsip))
#15 C:\xampp\htdocs\e-arsip-ci4\system\CodeIgniter.php(320): CodeIgniter\CodeIgniter->handleRequest(NULL, Object(Config\Cache), false)
#16 C:\xampp\htdocs\e-arsip-ci4\public\index.php(37): CodeIgniter\CodeIgniter->run()
#17 {main}
CRITICAL - 2022-01-11 23:15:17 --> Trying to get property 'id_arsip' of non-object
#0 C:\xampp\htdocs\e-arsip-ci4\app\Views\arsip\v_edit.php(27): CodeIgniter\Debug\Exceptions->errorHandler(8, 'Trying to get p...', 'C:\\xampp\\htdocs...', 27, Array)
#1 C:\xampp\htdocs\e-arsip-ci4\system\View\View.php(210): include('C:\\xampp\\htdocs...')
#2 C:\xampp\htdocs\e-arsip-ci4\system\View\View.php(213): CodeIgniter\View\View->CodeIgniter\View\{closure}()
#3 C:\xampp\htdocs\e-arsip-ci4\system\Common.php(1089): CodeIgniter\View\View->render('arsip/v_edit', Array, true)
#4 C:\xampp\htdocs\e-arsip-ci4\app\Views\layout\v_content.php(3): view('arsip/v_edit')
#5 C:\xampp\htdocs\e-arsip-ci4\system\View\View.php(210): include('C:\\xampp\\htdocs...')
#6 C:\xampp\htdocs\e-arsip-ci4\system\View\View.php(213): CodeIgniter\View\View->CodeIgniter\View\{closure}()
#7 C:\xampp\htdocs\e-arsip-ci4\system\Common.php(1089): CodeIgniter\View\View->render('layout/v_conten...', Array, true)
#8 C:\xampp\htdocs\e-arsip-ci4\app\Views\layout\v_wrapper.php(5): view('layout/v_conten...')
#9 C:\xampp\htdocs\e-arsip-ci4\system\View\View.php(210): include('C:\\xampp\\htdocs...')
#10 C:\xampp\htdocs\e-arsip-ci4\system\View\View.php(213): CodeIgniter\View\View->CodeIgniter\View\{closure}()
#11 C:\xampp\htdocs\e-arsip-ci4\system\Common.php(1089): CodeIgniter\View\View->render('layout/v_wrappe...', Array, true)
#12 C:\xampp\htdocs\e-arsip-ci4\app\Controllers\Arsip.php(112): view('layout/v_wrappe...', Array)
#13 C:\xampp\htdocs\e-arsip-ci4\system\CodeIgniter.php(825): App\Controllers\Arsip->edit('6')
#14 C:\xampp\htdocs\e-arsip-ci4\system\CodeIgniter.php(412): CodeIgniter\CodeIgniter->runController(Object(App\Controllers\Arsip))
#15 C:\xampp\htdocs\e-arsip-ci4\system\CodeIgniter.php(320): CodeIgniter\CodeIgniter->handleRequest(NULL, Object(Config\Cache), false)
#16 C:\xampp\htdocs\e-arsip-ci4\public\index.php(37): CodeIgniter\CodeIgniter->run()
#17 {main}
CRITICAL - 2022-01-11 23:54:31 --> Undefined index: id_arsip
#0 C:\xampp\htdocs\e-arsip-ci4\app\Models\Model_arsip.php(39): CodeIgniter\Debug\Exceptions->errorHandler(8, 'Undefined index...', 'C:\\xampp\\htdocs...', 39, Array)
#1 C:\xampp\htdocs\e-arsip-ci4\app\Controllers\Arsip.php(188): App\Models\Model_arsip->edit(Array)
#2 C:\xampp\htdocs\e-arsip-ci4\system\CodeIgniter.php(825): App\Controllers\Arsip->update('5')
#3 C:\xampp\htdocs\e-arsip-ci4\system\CodeIgniter.php(412): CodeIgniter\CodeIgniter->runController(Object(App\Controllers\Arsip))
#4 C:\xampp\htdocs\e-arsip-ci4\system\CodeIgniter.php(320): CodeIgniter\CodeIgniter->handleRequest(NULL, Object(Config\Cache), false)
#5 C:\xampp\htdocs\e-arsip-ci4\public\index.php(37): CodeIgniter\CodeIgniter->run()
#6 {main}
CRITICAL - 2022-01-11 23:55:36 --> unlink(file_arsip/1641963052_cf93463aae772caba69f.pdf): No such file or directory
#0 [internal function]: CodeIgniter\Debug\Exceptions->errorHandler(2, 'unlink(file_ars...', 'C:\\xampp\\htdocs...', 169, Array)
#1 C:\xampp\htdocs\e-arsip-ci4\app\Controllers\Arsip.php(169): unlink('file_arsip/1641...')
#2 C:\xampp\htdocs\e-arsip-ci4\system\CodeIgniter.php(825): App\Controllers\Arsip->update('5')
#3 C:\xampp\htdocs\e-arsip-ci4\system\CodeIgniter.php(412): CodeIgniter\CodeIgniter->runController(Object(App\Controllers\Arsip))
#4 C:\xampp\htdocs\e-arsip-ci4\system\CodeIgniter.php(320): CodeIgniter\CodeIgniter->handleRequest(NULL, Object(Config\Cache), false)
#5 C:\xampp\htdocs\e-arsip-ci4\public\index.php(37): CodeIgniter\CodeIgniter->run()
#6 {main}
CRITICAL - 2022-01-11 23:56:34 --> unlink(file_arsip/1641963052_cf93463aae772caba69f.pdf): No such file or directory
#0 [internal function]: CodeIgniter\Debug\Exceptions->errorHandler(2, 'unlink(file_ars...', 'C:\\xampp\\htdocs...', 169, Array)
#1 C:\xampp\htdocs\e-arsip-ci4\app\Controllers\Arsip.php(169): unlink('file_arsip/1641...')
#2 C:\xampp\htdocs\e-arsip-ci4\system\CodeIgniter.php(825): App\Controllers\Arsip->update('5')
#3 C:\xampp\htdocs\e-arsip-ci4\system\CodeIgniter.php(412): CodeIgniter\CodeIgniter->runController(Object(App\Controllers\Arsip))
#4 C:\xampp\htdocs\e-arsip-ci4\system\CodeIgniter.php(320): CodeIgniter\CodeIgniter->handleRequest(NULL, Object(Config\Cache), false)
#5 C:\xampp\htdocs\e-arsip-ci4\public\index.php(37): CodeIgniter\CodeIgniter->run()
#6 {main}
